\BOOKMARK [1][-]{section.1}{Lecture April 18th}{}% 1
\BOOKMARK [1][-]{section.2}{Lecture April 19th}{}% 2
\BOOKMARK [1][-]{section.3}{Lecture April 25th}{}% 3
\BOOKMARK [1][-]{section.4}{Lecture May 2nd}{}% 4
\BOOKMARK [1][-]{section.5}{Lecture May 3rd}{}% 5
\BOOKMARK [1][-]{section.6}{Lecture May 9th}{}% 6
\BOOKMARK [1][-]{section.7}{Lecture, May 17th}{}% 7
\BOOKMARK [1][-]{section.8}{Lecture May 23rd}{}% 8
\BOOKMARK [1][-]{section.9}{Lecture May 24th}{}% 9
\BOOKMARK [1][-]{section.10}{Lecture May 30th}{}% 10
\BOOKMARK [1][-]{section.11}{Lecture June 7th}{}% 11
\BOOKMARK [1][-]{section.12}{Lecture June 13th}{}% 12
\BOOKMARK [1][-]{section.13}{Lecture June 14th}{}% 13
\BOOKMARK [1][-]{section.14}{Lecture June 20th}{}% 14
\BOOKMARK [1][-]{section.15}{Lecture June 21st}{}% 15
\BOOKMARK [1][-]{section.16}{Lecture June 28th}{}% 16
\BOOKMARK [1][-]{section.17}{Lecture July 3rd}{}% 17
\BOOKMARK [1][-]{section.18}{Lecture July 4th}{}% 18
\BOOKMARK [1][-]{section.19}{Lecture July 5th}{}% 19
\BOOKMARK [1][-]{section.20}{Lecture July 11th}{}% 20
